Release 14.2 - xst P.28xd (nt64)
Copyright (c) 1995-2012 Xilinx, Inc.  All rights reserved.
--> Parameter TMPDIR set to xst/projnav.tmp


Total REAL time to Xst completion: 0.00 secs
Total CPU time to Xst completion: 0.21 secs
 
--> Parameter xsthdpdir set to xst


Total REAL time to Xst completion: 0.00 secs
Total CPU time to Xst completion: 0.21 secs
 
--> Reading design: Servo.prj

TABLE OF CONTENTS
  1) Synthesis Options Summary
  2) HDL Parsing
  3) HDL Elaboration
  4) HDL Synthesis
       4.1) HDL Synthesis Report
  5) Advanced HDL Synthesis
       5.1) Advanced HDL Synthesis Report
  6) Low Level Synthesis
  7) Partition Report
  8) Design Summary
       8.1) Primitive and Black Box Usage
       8.2) Device utilization summary
       8.3) Partition Resource Summary
       8.4) Timing Report
            8.4.1) Clock Information
            8.4.2) Asynchronous Control Signals Information
            8.4.3) Timing Summary
            8.4.4) Timing Details
            8.4.5) Cross Clock Domains Report


=========================================================================
*                      Synthesis Options Summary                        *
=========================================================================
---- Source Parameters
Input File Name                    : "Servo.prj"
Ignore Synthesis Constraint File   : NO

---- Target Parameters
Output File Name                   : "Servo"
Output Format                      : NGC
Target Device                      : xc6slx16-3-csg324

---- Source Options
Top Module Name                    : Servo
Automatic FSM Extraction           : YES
FSM Encoding Algorithm             : Auto
Safe Implementation                : No
FSM Style                          : LUT
RAM Extraction                     : Yes
RAM Style                          : Auto
ROM Extraction                     : Yes
Shift Register Extraction          : YES
ROM Style                          : Auto
Resource Sharing                   : YES
Asynchronous To Synchronous        : NO
Shift Register Minimum Size        : 2
Use DSP Block                      : Auto
Automatic Register Balancing       : No

---- Target Options
LUT Combining                      : Auto
Reduce Control Sets                : Auto
Add IO Buffers                     : YES
Global Maximum Fanout              : 100000
Add Generic Clock Buffer(BUFG)     : 16
Register Duplication               : YES
Optimize Instantiated Primitives   : NO
Use Clock Enable                   : Auto
Use Synchronous Set                : Auto
Use Synchronous Reset              : Auto
Pack IO Registers into IOBs        : Auto
Equivalent register Removal        : YES

---- General Options
Optimization Goal                  : Speed
Optimization Effort                : 1
Power Reduction                    : NO
Keep Hierarchy                     : No
Netlist Hierarchy                  : As_Optimized
RTL Output                         : Yes
Global Optimization                : AllClockNets
Read Cores                         : YES
Write Timing Constraints           : NO
Cross Clock Analysis               : NO
Hierarchy Separator                : /
Bus Delimiter                      : <>
Case Specifier                     : Maintain
Slice Utilization Ratio            : 100
BRAM Utilization Ratio             : 100
DSP48 Utilization Ratio            : 100
Auto BRAM Packing                  : NO
Slice Utilization Ratio Delta      : 5

=========================================================================


=========================================================================
*                          HDL Parsing                                  *
=========================================================================
Analyzing Verilog file "\\dbfsvs02\homedb2\riverab\CEC 330 FPGA\Rivera_VendingMachine\pwm\Servo.v" into library work
Parsing module <Servo>.

=========================================================================
*                            HDL Elaboration                            *
=========================================================================

Elaborating module <Servo>.
WARNING:HDLCompiler:413 - "\\dbfsvs02\homedb2\riverab\CEC 330 FPGA\Rivera_VendingMachine\pwm\Servo.v" Line 35: Result of 28-bit expression is truncated to fit in 27-bit target.

=========================================================================
*                           HDL Synthesis                               *
=========================================================================

Synthesizing Unit <Servo>.
    Related source file is "\\dbfsvs02\homedb2\riverab\CEC 330 FPGA\Rivera_VendingMachine\pwm\Servo.v".
        SD = 3906
    Found 1-bit register for signal <PWM>.
    Found 27-bit register for signal <count>.
    Found 27-bit adder for signal <count[26]_GND_1_o_add_1_OUT> created at line 35.
    Found 8x12-bit multiplier for signal <SW[7]_PWR_1_o_MuLt_2_OUT> created at line 36.
    Found 27-bit comparator lessequal for signal <n0002> created at line 36
    Found 27-bit comparator greater for signal <n0004> created at line 41
    Summary:
	inferred   1 Multiplier(s).
	inferred   1 Adder/Subtractor(s).
	inferred  28 D-type flip-flop(s).
	inferred   2 Comparator(s).
Unit <Servo> synthesized.

=========================================================================
HDL Synthesis Report

Macro Statistics
# Multipliers                                          : 1
 12x8-bit multiplier                                   : 1
# Adders/Subtractors                                   : 1
 27-bit adder                                          : 1
# Registers                                            : 2
 1-bit register                                        : 1
 27-bit register                                       : 1
# Comparators                                          : 2
 27-bit comparator greater                             : 1
 27-bit comparator lessequal                           : 1

=========================================================================

=========================================================================
*                       Advanced HDL Synthesis                          *
=========================================================================


Synthesizing (advanced) Unit <Servo>.
The following registers are absorbed into counter <count>: 1 register on signal <count>.
Unit <Servo> synthesized (advanced).

=========================================================================
Advanced HDL Synthesis Report

Macro Statistics
# Multipliers                                          : 1
 12x8-bit multiplier                                   : 1
# Counters                                             : 1
 27-bit up counter                                     : 1
# Registers                                            : 1
 Flip-Flops                                            : 1
# Comparators                                          : 2
 27-bit comparator greater                             : 1
 27-bit comparator lessequal                           : 1

=========================================================================

=========================================================================
*                         Low Level Synthesis                           *
=========================================================================

Optimizing unit <Servo> ...
WARNING:Xst:1293 - FF/Latch <count_21> has a constant value of 0 in block <Servo>. This FF/Latch will be trimmed during the optimization process.
WARNING:Xst:1896 - Due to other FF/Latch trimming, FF/Latch <count_22> has a constant value of 0 in block <Servo>. This FF/Latch will be trimmed during the optimization process.
WARNING:Xst:1896 - Due to other FF/Latch trimming, FF/Latch <count_23> has a constant value of 0 in block <Servo>. This FF/Latch will be trimmed during the optimization process.
WARNING:Xst:1896 - Due to other FF/Latch trimming, FF/Latch <count_24> has a constant value of 0 in block <Servo>. This FF/Latch will be trimmed during the optimization process.
WARNING:Xst:1896 - Due to other FF/Latch trimming, FF/Latch <count_25> has a constant value of 0 in block <Servo>. This FF/Latch will be trimmed during the optimization process.
WARNING:Xst:1896 - Due to other FF/Latch trimming, FF/Latch <count_26> has a constant value of 0 in block <Servo>. This FF/Latch will be trimmed during the optimization process.

Mapping all equations...
Building and optimizing final netlist ...
Found area constraint ratio of 100 (+ 5) on block Servo, actual ratio is 1.

Final Macro Processing ...

=========================================================================
Final Register Report

Macro Statistics
# Registers                                            : 22
 Flip-Flops                                            : 22

=========================================================================

=========================================================================
*                           Partition Report                            *
=========================================================================

Partition Implementation Status
-------------------------------

  No Partitions were found in this design.

-------------------------------

=========================================================================
*                            Design Summary                             *
=========================================================================

Top Level Output File Name         : Servo.ngc

Primitive and Black Box Usage:
------------------------------
# BELS                             : 195
#      GND                         : 1
#      INV                         : 1
#      LUT1                        : 20
#      LUT2                        : 28
#      LUT3                        : 9
#      LUT4                        : 29
#      LUT5                        : 2
#      LUT6                        : 4
#      MUXCY                       : 54
#      MUXF7                       : 1
#      VCC                         : 1
#      XORCY                       : 45
# FlipFlops/Latches                : 22
#      FD                          : 22
# Clock Buffers                    : 1
#      BUFGP                       : 1
# IO Buffers                       : 9
#      IBUF                        : 8
#      OBUF                        : 1

Device utilization summary:
---------------------------

Selected Device : 6slx16csg324-3 


Slice Logic Utilization: 
 Number of Slice Registers:              22  out of  18224     0%  
 Number of Slice LUTs:                   93  out of   9112     1%  
    Number used as Logic:                93  out of   9112     1%  

Slice Logic Distribution: 
 Number of LUT Flip Flop pairs used:     94
   Number with an unused Flip Flop:      72  out of     94    76%  
   Number with an unused LUT:             1  out of     94     1%  
   Number of fully used LUT-FF pairs:    21  out of     94    22%  
   Number of unique control sets:         1

IO Utilization: 
 Number of IOs:                          10
 Number of bonded IOBs:                  10  out of    232     4%  

Specific Feature Utilization:
 Number of BUFG/BUFGCTRLs:                1  out of     16     6%  

---------------------------
Partition Resource Summary:
---------------------------

  No Partitions were found in this design.

---------------------------


=========================================================================
Timing Report

NOTE: THESE TIMING NUMBERS ARE ONLY A SYNTHESIS ESTIMATE.
      FOR ACCURATE TIMING INFORMATION PLEASE REFER TO THE TRACE REPORT
      GENERATED AFTER PLACE-and-ROUTE.

Clock Information:
------------------
-----------------------------------+------------------------+-------+
Clock Signal                       | Clock buffer(FF name)  | Load  |
-----------------------------------+------------------------+-------+
CLK                                | BUFGP                  | 22    |
-----------------------------------+------------------------+-------+

Asynchronous Control Signals Information:
----------------------------------------
No asynchronous control signals found in this design

Timing Summary:
---------------
Speed Grade: -3

   Minimum period: 3.875ns (Maximum Frequency: 258.058MHz)
   Minimum input arrival time before clock: 5.958ns
   Maximum output required time after clock: 3.597ns
   Maximum combinational path delay: No path found

Timing Details:
---------------
All values displayed in nanoseconds (ns)

=========================================================================
Timing constraint: Default period analysis for Clock 'CLK'
  Clock period: 3.875ns (frequency: 258.058MHz)
  Total number of paths / destination ports: 734 / 22
-------------------------------------------------------------------------
Delay:               3.875ns (Levels of Logic = 4)
  Source:            count_11 (FF)
  Destination:       count_1 (FF)
  Source Clock:      CLK rising
  Destination Clock: CLK rising

  Data Path: count_11 to count_1
                                Gate     Net
    Cell:in->out      fanout   Delay   Delay  Logical Name (Net Name)
    ----------------------------------------  ------------
     FD:C->Q               4   0.447   1.048  count_11 (count_11)
     LUT6:I0->O            1   0.203   0.000  n0004_inv2_SW1_F (N5)
     MUXF7:I0->O           3   0.131   0.651  n0004_inv2_SW1 (N1)
     LUT6:I5->O           11   0.205   0.883  n0004_inv3 (n0004_inv)
     LUT2:I1->O            1   0.205   0.000  count_1_rstpot (count_1_rstpot)
     FD:D                      0.102          count_1
    ----------------------------------------
    Total                      3.875ns (1.293ns logic, 2.582ns route)
                                       (33.4% logic, 66.6% route)

=========================================================================
Timing constraint: Default OFFSET IN BEFORE for Clock 'CLK'
  Total number of paths / destination ports: 5174 / 1
-------------------------------------------------------------------------
Offset:              5.958ns (Levels of Logic = 16)
  Source:            SW<2> (PAD)
  Destination:       PWM (FF)
  Destination Clock: CLK rising

  Data Path: SW<2> to PWM
                                Gate     Net
    Cell:in->out      fanout   Delay   Delay  Logical Name (Net Name)
    ----------------------------------------  ------------
     IBUF:I->O            11   1.222   1.111  SW_2_IBUF (SW_2_IBUF)
     LUT4:I1->O            1   0.205   0.000  Mmult_SW[7]_PWR_1_o_MuLt_2_OUT_Madd2_lut<7> (Mmult_SW[7]_PWR_1_o_MuLt_2_OUT_Madd2_lut<7>)
     MUXCY:S->O            1   0.172   0.000  Mmult_SW[7]_PWR_1_o_MuLt_2_OUT_Madd2_cy<7> (Mmult_SW[7]_PWR_1_o_MuLt_2_OUT_Madd2_cy<7>)
     MUXCY:CI->O           1   0.019   0.000  Mmult_SW[7]_PWR_1_o_MuLt_2_OUT_Madd2_cy<8> (Mmult_SW[7]_PWR_1_o_MuLt_2_OUT_Madd2_cy<8>)
     MUXCY:CI->O           1   0.019   0.000  Mmult_SW[7]_PWR_1_o_MuLt_2_OUT_Madd2_cy<9> (Mmult_SW[7]_PWR_1_o_MuLt_2_OUT_Madd2_cy<9>)
     MUXCY:CI->O           1   0.019   0.000  Mmult_SW[7]_PWR_1_o_MuLt_2_OUT_Madd2_cy<10> (Mmult_SW[7]_PWR_1_o_MuLt_2_OUT_Madd2_cy<10>)
     XORCY:CI->O           1   0.180   0.827  Mmult_SW[7]_PWR_1_o_MuLt_2_OUT_Madd2_xor<11> (Mmult_SW[7]_PWR_1_o_MuLt_2_OUT_Madd_152)
     LUT4:I0->O            1   0.203   0.000  Mmult_SW[7]_PWR_1_o_MuLt_2_OUT_Madd3_lut<15> (Mmult_SW[7]_PWR_1_o_MuLt_2_OUT_Madd3_lut<15>)
     MUXCY:S->O            1   0.172   0.000  Mmult_SW[7]_PWR_1_o_MuLt_2_OUT_Madd3_cy<15> (Mmult_SW[7]_PWR_1_o_MuLt_2_OUT_Madd3_cy<15>)
     MUXCY:CI->O           1   0.019   0.000  Mmult_SW[7]_PWR_1_o_MuLt_2_OUT_Madd3_cy<16> (Mmult_SW[7]_PWR_1_o_MuLt_2_OUT_Madd3_cy<16>)
     MUXCY:CI->O           1   0.019   0.000  Mmult_SW[7]_PWR_1_o_MuLt_2_OUT_Madd3_cy<17> (Mmult_SW[7]_PWR_1_o_MuLt_2_OUT_Madd3_cy<17>)
     XORCY:CI->O           2   0.180   0.864  Mmult_SW[7]_PWR_1_o_MuLt_2_OUT_Madd3_xor<18> (SW[7]_PWR_1_o_MuLt_2_OUT<18>)
     LUT4:I0->O            0   0.203   0.000  Mcompar_count[26]_GND_1_o_LessThan_4_o_lutdi8 (Mcompar_count[26]_GND_1_o_LessThan_4_o_lutdi8)
     MUXCY:DI->O           1   0.145   0.000  Mcompar_count[26]_GND_1_o_LessThan_4_o_cy<8> (Mcompar_count[26]_GND_1_o_LessThan_4_o_cy<8>)
     MUXCY:CI->O           1   0.019   0.000  Mcompar_count[26]_GND_1_o_LessThan_4_o_cy<9> (Mcompar_count[26]_GND_1_o_LessThan_4_o_cy<9>)
     MUXCY:CI->O           1   0.258   0.000  Mcompar_count[26]_GND_1_o_LessThan_4_o_cy<10> (count[26]_GND_1_o_LessThan_4_o)
     FD:D                      0.102          PWM
    ----------------------------------------
    Total                      5.958ns (3.156ns logic, 2.802ns route)
                                       (53.0% logic, 47.0% route)

=========================================================================
Timing constraint: Default OFFSET OUT AFTER for Clock 'CLK'
  Total number of paths / destination ports: 1 / 1
-------------------------------------------------------------------------
Offset:              3.597ns (Levels of Logic = 1)
  Source:            PWM (FF)
  Destination:       PWM (PAD)
  Source Clock:      CLK rising

  Data Path: PWM to PWM
                                Gate     Net
    Cell:in->out      fanout   Delay   Delay  Logical Name (Net Name)
    ----------------------------------------  ------------
     FD:C->Q               1   0.447   0.579  PWM (PWM_OBUF)
     OBUF:I->O                 2.571          PWM_OBUF (PWM)
    ----------------------------------------
    Total                      3.597ns (3.018ns logic, 0.579ns route)
                                       (83.9% logic, 16.1% route)

=========================================================================

Cross Clock Domains Report:
--------------------------

Clock to Setup on destination clock CLK
---------------+---------+---------+---------+---------+
               | Src:Rise| Src:Fall| Src:Rise| Src:Fall|
Source Clock   |Dest:Rise|Dest:Rise|Dest:Fall|Dest:Fall|
---------------+---------+---------+---------+---------+
CLK            |    3.875|         |         |         |
---------------+---------+---------+---------+---------+

=========================================================================


Total REAL time to Xst completion: 6.00 secs
Total CPU time to Xst completion: 6.85 secs
 
--> 

Total memory usage is 255624 kilobytes

Number of errors   :    0 (   0 filtered)
Number of warnings :    7 (   0 filtered)
Number of infos    :    0 (   0 filtered)

