--------------------------------------------------------------------------------
Release 14.2 Trace  (nt64)
Copyright (c) 1995-2012 Xilinx, Inc.  All rights reserved.

C:\Xilinx\14.2\ISE_DS\ISE\bin\nt64\unwrapped\trce.exe
C:\fa12sp13_SourceCode\team2\branches\FPGA_Development\Navigation System\Version1.1-Working\smartxplorer_results\run3\Navigation.ncd
C:\fa12sp13_SourceCode\team2\branches\FPGA_Development\Navigation System\Version1.1-Working\smartxplorer_results\run3\Navigation.pcf
-xml
C:\fa12sp13_SourceCode\team2\branches\FPGA_Development\Navigation System\Version1.1-Working\smartxplorer_results\run3\Navigation.twx
-v 3 -s 3 -n 3 -fastpaths -ucf System_Connection.ucf -o
C:\fa12sp13_SourceCode\team2\branches\FPGA_Development\Navigation System\Version1.1-Working\smartxplorer_results\run3\Navigation.twr

Design file:              Navigation.ncd
Physical constraint file: Navigation.pcf
Device,package,speed:     xc6slx16,csg324,C,-3 (PRODUCTION 1.22 2012-07-09)
Report level:             verbose report

Environment Variable      Effect 
--------------------      ------ 
NONE                      No environment variables were set
--------------------------------------------------------------------------------

INFO:Timing:2698 - No timing constraints found, doing default enumeration.
INFO:Timing:3412 - To improve timing, see the Timing Closure User Guide (UG612).
INFO:Timing:2752 - To get complete path coverage, use the unconstrained paths 
   option. All paths that are not constrained will be reported in the 
   unconstrained paths section(s) of the report.
INFO:Timing:3339 - The clock-to-out numbers in this timing report are based on 
   a 50 Ohm transmission line loading model.  For the details of this model, 
   and for more information on accounting for different loading conditions, 
   please see the device datasheet.



Data Sheet report:
-----------------
All values displayed in nanoseconds (ns)

Setup/Hold to clock CLK
------------+------------+------------+------------+------------+------------------+--------+
            |Max Setup to|  Process   |Max Hold to |  Process   |                  | Clock  |
Source      | clk (edge) |   Corner   | clk (edge) |   Corner   |Internal Clock(s) | Phase  |
------------+------------+------------+------------+------------+------------------+--------+
BTN<0>      |    2.282(R)|      SLOW  |   -1.351(R)|      FAST  |CLK_BUFGP         |   0.000|
BTN<1>      |    1.983(R)|      SLOW  |   -1.145(R)|      FAST  |CLK_BUFGP         |   0.000|
BTN<2>      |    2.257(R)|      SLOW  |   -1.154(R)|      FAST  |CLK_BUFGP         |   0.000|
BTN<3>      |    2.375(R)|      SLOW  |   -1.470(R)|      FAST  |CLK_BUFGP         |   0.000|
BTN<4>      |    2.132(R)|      SLOW  |   -1.119(R)|      FAST  |CLK_BUFGP         |   0.000|
SW<0>       |    0.005(R)|      FAST  |    1.292(R)|      SLOW  |CLK_BUFGP         |   0.000|
SW<1>       |   -0.027(R)|      FAST  |    1.310(R)|      SLOW  |CLK_BUFGP         |   0.000|
SW<2>       |   -0.058(R)|      FAST  |    1.355(R)|      SLOW  |CLK_BUFGP         |   0.000|
SW<5>       |   -0.032(R)|      FAST  |    1.315(R)|      SLOW  |CLK_BUFGP         |   0.000|
SW<6>       |   -0.063(R)|      FAST  |    1.360(R)|      SLOW  |CLK_BUFGP         |   0.000|
SW<7>       |   -0.034(R)|      FAST  |    1.331(R)|      SLOW  |CLK_BUFGP         |   0.000|
------------+------------+------------+------------+------------+------------------+--------+

Clock CLK to Pad
------------+-----------------+------------+-----------------+------------+------------------+--------+
            |Max (slowest) clk|  Process   |Min (fastest) clk|  Process   |                  | Clock  |
Destination |  (edge) to PAD  |   Corner   |  (edge) to PAD  |   Corner   |Internal Clock(s) | Phase  |
------------+-----------------+------------+-----------------+------------+------------------+--------+
PWM         |         6.385(R)|      SLOW  |         2.982(R)|      FAST  |CLK_BUFGP         |   0.000|
SSEG_AN<0>  |         6.284(R)|      SLOW  |         2.881(R)|      FAST  |CLK_BUFGP         |   0.000|
SSEG_AN<1>  |         6.284(R)|      SLOW  |         2.881(R)|      FAST  |CLK_BUFGP         |   0.000|
SSEG_AN<2>  |         6.288(R)|      SLOW  |         2.885(R)|      FAST  |CLK_BUFGP         |   0.000|
SSEG_AN<3>  |         6.288(R)|      SLOW  |         2.885(R)|      FAST  |CLK_BUFGP         |   0.000|
SSEG_CA<0>  |         6.276(R)|      SLOW  |         2.873(R)|      FAST  |CLK_BUFGP         |   0.000|
SSEG_CA<1>  |         6.276(R)|      SLOW  |         2.873(R)|      FAST  |CLK_BUFGP         |   0.000|
SSEG_CA<2>  |         6.281(R)|      SLOW  |         2.878(R)|      FAST  |CLK_BUFGP         |   0.000|
SSEG_CA<3>  |         6.281(R)|      SLOW  |         2.878(R)|      FAST  |CLK_BUFGP         |   0.000|
SSEG_CA<4>  |         6.284(R)|      SLOW  |         2.881(R)|      FAST  |CLK_BUFGP         |   0.000|
SSEG_CA<5>  |         6.284(R)|      SLOW  |         2.881(R)|      FAST  |CLK_BUFGP         |   0.000|
SSEG_CA<6>  |         6.286(R)|      SLOW  |         2.883(R)|      FAST  |CLK_BUFGP         |   0.000|
------------+-----------------+------------+-----------------+------------+------------------+--------+

Clock to Setup on destination clock CLK
---------------+---------+---------+---------+---------+
               | Src:Rise| Src:Fall| Src:Rise| Src:Fall|
Source Clock   |Dest:Rise|Dest:Rise|Dest:Fall|Dest:Fall|
---------------+---------+---------+---------+---------+
CLK            |    7.784|         |         |         |
---------------+---------+---------+---------+---------+


Analysis completed Sun Nov 25 14:13:11 2012 
--------------------------------------------------------------------------------

Trace Settings:
-------------------------
Trace Settings 

Peak Memory Usage: 219 MB



