--------------------------------------------------------------------------------
Release 14.2 Trace  (nt64)
Copyright (c) 1995-2012 Xilinx, Inc.  All rights reserved.

C:\Xilinx\14.2\ISE_DS\ISE\bin\nt64\unwrapped\trce.exe
C:\fa12sp13_SourceCode\team2\branches\FPGA_Development\Navigation System\Version1.1-Working\smartxplorer_results\run4\Navigation.ncd
C:\fa12sp13_SourceCode\team2\branches\FPGA_Development\Navigation System\Version1.1-Working\smartxplorer_results\run4\Navigation.pcf
-xml
C:\fa12sp13_SourceCode\team2\branches\FPGA_Development\Navigation System\Version1.1-Working\smartxplorer_results\run4\Navigation.twx
-v 3 -s 3 -n 3 -fastpaths -ucf System_Connection.ucf -o
C:\fa12sp13_SourceCode\team2\branches\FPGA_Development\Navigation System\Version1.1-Working\smartxplorer_results\run4\Navigation.twr

Design file:              Navigation.ncd
Physical constraint file: Navigation.pcf
Device,package,speed:     xc6slx16,csg324,C,-3 (PRODUCTION 1.22 2012-07-09)
Report level:             verbose report

Environment Variable      Effect 
--------------------      ------ 
NONE                      No environment variables were set
--------------------------------------------------------------------------------

INFO:Timing:2698 - No timing constraints found, doing default enumeration.
INFO:Timing:3412 - To improve timing, see the Timing Closure User Guide (UG612).
INFO:Timing:2752 - To get complete path coverage, use the unconstrained paths 
   option. All paths that are not constrained will be reported in the 
   unconstrained paths section(s) of the report.
INFO:Timing:3339 - The clock-to-out numbers in this timing report are based on 
   a 50 Ohm transmission line loading model.  For the details of this model, 
   and for more information on accounting for different loading conditions, 
   please see the device datasheet.



Data Sheet report:
-----------------
All values displayed in nanoseconds (ns)

Setup/Hold to clock CLK
------------+------------+------------+------------+------------+------------------+--------+
            |Max Setup to|  Process   |Max Hold to |  Process   |                  | Clock  |
Source      | clk (edge) |   Corner   | clk (edge) |   Corner   |Internal Clock(s) | Phase  |
------------+------------+------------+------------+------------+------------------+--------+
BTN<0>      |    2.097(R)|      SLOW  |   -1.209(R)|      FAST  |CLK_BUFGP         |   0.000|
BTN<1>      |    2.068(R)|      SLOW  |   -1.118(R)|      FAST  |CLK_BUFGP         |   0.000|
BTN<2>      |    1.878(R)|      SLOW  |   -1.013(R)|      FAST  |CLK_BUFGP         |   0.000|
BTN<3>      |    2.558(R)|      SLOW  |   -1.562(R)|      FAST  |CLK_BUFGP         |   0.000|
BTN<4>      |    1.850(R)|      SLOW  |   -0.926(R)|      FAST  |CLK_BUFGP         |   0.000|
SW<0>       |    1.015(R)|      FAST  |   -0.482(R)|      SLOW  |CLK_BUFGP         |   0.000|
SW<1>       |    1.415(R)|      SLOW  |   -0.886(R)|      SLOW  |CLK_BUFGP         |   0.000|
SW<2>       |    1.272(R)|      SLOW  |   -0.747(R)|      SLOW  |CLK_BUFGP         |   0.000|
SW<5>       |    1.910(R)|      SLOW  |   -1.146(R)|      FAST  |CLK_BUFGP         |   0.000|
SW<6>       |    1.860(R)|      SLOW  |   -1.115(R)|      FAST  |CLK_BUFGP         |   0.000|
SW<7>       |    1.493(R)|      SLOW  |   -0.919(R)|      FAST  |CLK_BUFGP         |   0.000|
------------+------------+------------+------------+------------+------------------+--------+

Clock CLK to Pad
------------+-----------------+------------+-----------------+------------+------------------+--------+
            |Max (slowest) clk|  Process   |Min (fastest) clk|  Process   |                  | Clock  |
Destination |  (edge) to PAD  |   Corner   |  (edge) to PAD  |   Corner   |Internal Clock(s) | Phase  |
------------+-----------------+------------+-----------------+------------+------------------+--------+
PWM         |         8.621(R)|      SLOW  |         4.639(R)|      FAST  |CLK_BUFGP         |   0.000|
SSEG_AN<0>  |         6.810(R)|      SLOW  |         3.457(R)|      FAST  |CLK_BUFGP         |   0.000|
SSEG_AN<1>  |         6.866(R)|      SLOW  |         3.494(R)|      FAST  |CLK_BUFGP         |   0.000|
SSEG_AN<2>  |         6.821(R)|      SLOW  |         3.474(R)|      FAST  |CLK_BUFGP         |   0.000|
SSEG_AN<3>  |         6.706(R)|      SLOW  |         3.398(R)|      FAST  |CLK_BUFGP         |   0.000|
SSEG_CA<0>  |         7.504(R)|      SLOW  |         3.942(R)|      FAST  |CLK_BUFGP         |   0.000|
SSEG_CA<1>  |         7.555(R)|      SLOW  |         3.990(R)|      FAST  |CLK_BUFGP         |   0.000|
SSEG_CA<2>  |         7.704(R)|      SLOW  |         4.050(R)|      FAST  |CLK_BUFGP         |   0.000|
SSEG_CA<3>  |         7.780(R)|      SLOW  |         4.085(R)|      FAST  |CLK_BUFGP         |   0.000|
SSEG_CA<4>  |         7.632(R)|      SLOW  |         3.986(R)|      FAST  |CLK_BUFGP         |   0.000|
SSEG_CA<5>  |         7.708(R)|      SLOW  |         4.072(R)|      FAST  |CLK_BUFGP         |   0.000|
SSEG_CA<6>  |         7.560(R)|      SLOW  |         3.964(R)|      FAST  |CLK_BUFGP         |   0.000|
------------+-----------------+------------+-----------------+------------+------------------+--------+

Clock to Setup on destination clock CLK
---------------+---------+---------+---------+---------+
               | Src:Rise| Src:Fall| Src:Rise| Src:Fall|
Source Clock   |Dest:Rise|Dest:Rise|Dest:Fall|Dest:Fall|
---------------+---------+---------+---------+---------+
CLK            |    5.242|         |         |         |
---------------+---------+---------+---------+---------+


Analysis completed Sun Nov 25 14:12:21 2012 
--------------------------------------------------------------------------------

Trace Settings:
-------------------------
Trace Settings 

Peak Memory Usage: 220 MB



