--------------------------------------------------------------------------------
Release 14.2 Trace  (nt64)
Copyright (c) 1995-2012 Xilinx, Inc.  All rights reserved.

C:\Xilinx\14.2\ISE_DS\ISE\bin\nt64\unwrapped\trce.exe -intstyle ise -v 3 -s 3
-n 3 -fastpaths -xml System.twx System.ncd -o System.twr System.pcf -ucf
System_Connection.ucf

Design file:              System.ncd
Physical constraint file: System.pcf
Device,package,speed:     xc6slx16,csg324,C,-3 (PRODUCTION 1.22 2012-07-09)
Report level:             verbose report

Environment Variable      Effect 
--------------------      ------ 
NONE                      No environment variables were set
--------------------------------------------------------------------------------

INFO:Timing:2698 - No timing constraints found, doing default enumeration.
INFO:Timing:3412 - To improve timing, see the Timing Closure User Guide (UG612).
INFO:Timing:2752 - To get complete path coverage, use the unconstrained paths 
   option. All paths that are not constrained will be reported in the 
   unconstrained paths section(s) of the report.
INFO:Timing:3339 - The clock-to-out numbers in this timing report are based on 
   a 50 Ohm transmission line loading model.  For the details of this model, 
   and for more information on accounting for different loading conditions, 
   please see the device datasheet.



Data Sheet report:
-----------------
All values displayed in nanoseconds (ns)

Setup/Hold to clock CLK
------------+------------+------------+------------+------------+------------------+--------+
            |Max Setup to|  Process   |Max Hold to |  Process   |                  | Clock  |
Source      | clk (edge) |   Corner   | clk (edge) |   Corner   |Internal Clock(s) | Phase  |
------------+------------+------------+------------+------------+------------------+--------+
BTN<0>      |    2.918(R)|      SLOW  |   -1.058(R)|      FAST  |CLK_BUFGP         |   0.000|
BTN<1>      |    3.590(R)|      SLOW  |   -0.877(R)|      SLOW  |CLK_BUFGP         |   0.000|
BTN<2>      |    3.577(R)|      SLOW  |   -1.053(R)|      SLOW  |CLK_BUFGP         |   0.000|
BTN<3>      |    3.063(R)|      SLOW  |   -1.363(R)|      FAST  |CLK_BUFGP         |   0.000|
BTN<4>      |    3.193(R)|      SLOW  |   -0.927(R)|      SLOW  |CLK_BUFGP         |   0.000|
SW<0>       |    1.058(R)|      FAST  |   -0.343(R)|      SLOW  |CLK_BUFGP         |   0.000|
SW<1>       |    0.441(R)|      FAST  |    0.415(R)|      SLOW  |CLK_BUFGP         |   0.000|
SW<2>       |    0.533(R)|      FAST  |    0.361(R)|      SLOW  |CLK_BUFGP         |   0.000|
SW<3>       |    1.382(R)|      FAST  |   -0.745(R)|      SLOW  |CLK_BUFGP         |   0.000|
SW<4>       |    1.162(R)|      FAST  |   -0.524(R)|      SLOW  |CLK_BUFGP         |   0.000|
SW<5>       |    1.120(R)|      FAST  |   -0.444(R)|      SLOW  |CLK_BUFGP         |   0.000|
SW<6>       |    0.969(R)|      FAST  |   -0.320(R)|      SLOW  |CLK_BUFGP         |   0.000|
SW<7>       |    7.292(R)|      SLOW  |   -0.748(R)|      FAST  |CLK_BUFGP         |   0.000|
------------+------------+------------+------------+------------+------------------+--------+

Clock CLK to Pad
------------+-----------------+------------+-----------------+------------+------------------+--------+
            |Max (slowest) clk|  Process   |Min (fastest) clk|  Process   |                  | Clock  |
Destination |  (edge) to PAD  |   Corner   |  (edge) to PAD  |   Corner   |Internal Clock(s) | Phase  |
------------+-----------------+------------+-----------------+------------+------------------+--------+
CLAW        |         8.346(R)|      SLOW  |         4.483(R)|      FAST  |CLK_BUFGP         |   0.000|
JOINTHIGH   |         7.531(R)|      SLOW  |         3.923(R)|      FAST  |CLK_BUFGP         |   0.000|
JOINTLOW    |         8.182(R)|      SLOW  |         4.332(R)|      FAST  |CLK_BUFGP         |   0.000|
LED<0>      |         7.639(R)|      SLOW  |         4.043(R)|      FAST  |CLK_BUFGP         |   0.000|
LED<1>      |         8.517(R)|      SLOW  |         4.600(R)|      FAST  |CLK_BUFGP         |   0.000|
LED<2>      |         8.960(R)|      SLOW  |         4.897(R)|      FAST  |CLK_BUFGP         |   0.000|
LED<3>      |         8.482(R)|      SLOW  |         4.642(R)|      FAST  |CLK_BUFGP         |   0.000|
LED<4>      |         9.952(R)|      SLOW  |         5.291(R)|      FAST  |CLK_BUFGP         |   0.000|
LED<5>      |         8.800(R)|      SLOW  |         4.699(R)|      FAST  |CLK_BUFGP         |   0.000|
PWM         |        10.077(R)|      SLOW  |         5.525(R)|      FAST  |CLK_BUFGP         |   0.000|
SSEG_AN<0>  |         6.971(R)|      SLOW  |         3.554(R)|      FAST  |CLK_BUFGP         |   0.000|
SSEG_AN<1>  |         6.896(R)|      SLOW  |         3.512(R)|      FAST  |CLK_BUFGP         |   0.000|
SSEG_AN<2>  |         6.621(R)|      SLOW  |         3.344(R)|      FAST  |CLK_BUFGP         |   0.000|
SSEG_AN<3>  |         6.707(R)|      SLOW  |         3.399(R)|      FAST  |CLK_BUFGP         |   0.000|
SSEG_CA<0>  |         8.073(R)|      SLOW  |         4.281(R)|      FAST  |CLK_BUFGP         |   0.000|
SSEG_CA<1>  |         8.052(R)|      SLOW  |         4.243(R)|      FAST  |CLK_BUFGP         |   0.000|
SSEG_CA<2>  |         7.966(R)|      SLOW  |         4.187(R)|      FAST  |CLK_BUFGP         |   0.000|
SSEG_CA<3>  |         8.253(R)|      SLOW  |         4.369(R)|      FAST  |CLK_BUFGP         |   0.000|
SSEG_CA<4>  |         8.406(R)|      SLOW  |         4.476(R)|      FAST  |CLK_BUFGP         |   0.000|
SSEG_CA<5>  |         8.349(R)|      SLOW  |         4.448(R)|      FAST  |CLK_BUFGP         |   0.000|
SSEG_CA<6>  |         8.198(R)|      SLOW  |         4.330(R)|      FAST  |CLK_BUFGP         |   0.000|
------------+-----------------+------------+-----------------+------------+------------------+--------+

Clock to Setup on destination clock CLK
---------------+---------+---------+---------+---------+
               | Src:Rise| Src:Fall| Src:Rise| Src:Fall|
Source Clock   |Dest:Rise|Dest:Rise|Dest:Fall|Dest:Fall|
---------------+---------+---------+---------+---------+
CLK            |    5.406|         |         |         |
---------------+---------+---------+---------+---------+


Analysis completed Tue Feb 05 16:44:24 2013 
--------------------------------------------------------------------------------

Trace Settings:
-------------------------
Trace Settings 

Peak Memory Usage: 234 MB



