Command line:
   main_isim_beh.exe
     -simmode  gui
     -simrunnum  0
     -socket  58772

Thu Nov 01 15:24:34 2012


 Elaboration Time: 0.078 sec

 Current Memory Usage: 820.871 Meg

 Total Signals          : 24
 Total Nets             : 47
 Total Signal Drivers   : 12
 Total Blocks           : 4
 Total Primitive Blocks : 3
 Total Processes        : 19
 Total Traceable Variables  : 37
 Total Scalar Nets and Variables : 594
Total Line Count : 88
Total Line Count : 88

 Total Simulation Time: 74.3501 sec

 Current Memory Usage: 820.871 Meg

Thu Nov 01 15:28:19 2012

