--------------------------------------------------------------------------------
Release 14.2 Trace  (nt64)
Copyright (c) 1995-2012 Xilinx, Inc.  All rights reserved.

C:\Xilinx\14.2\ISE_DS\ISE\bin\nt64\unwrapped\trce.exe -intstyle ise -v 3 -s 3
-n 3 -fastpaths -xml System.twx System.ncd -o System.twr System.pcf -ucf
System_Connection.ucf

Design file:              System.ncd
Physical constraint file: System.pcf
Device,package,speed:     xc6slx16,csg324,C,-3 (PRODUCTION 1.22 2012-07-09)
Report level:             verbose report

Environment Variable      Effect 
--------------------      ------ 
NONE                      No environment variables were set
--------------------------------------------------------------------------------

INFO:Timing:2698 - No timing constraints found, doing default enumeration.
INFO:Timing:3412 - To improve timing, see the Timing Closure User Guide (UG612).
INFO:Timing:2752 - To get complete path coverage, use the unconstrained paths 
   option. All paths that are not constrained will be reported in the 
   unconstrained paths section(s) of the report.
INFO:Timing:3339 - The clock-to-out numbers in this timing report are based on 
   a 50 Ohm transmission line loading model.  For the details of this model, 
   and for more information on accounting for different loading conditions, 
   please see the device datasheet.



Data Sheet report:
-----------------
All values displayed in nanoseconds (ns)

Setup/Hold to clock CLK
------------+------------+------------+------------+------------+------------------+--------+
            |Max Setup to|  Process   |Max Hold to |  Process   |                  | Clock  |
Source      | clk (edge) |   Corner   | clk (edge) |   Corner   |Internal Clock(s) | Phase  |
------------+------------+------------+------------+------------+------------------+--------+
BTN<0>      |    3.152(R)|      SLOW  |   -1.132(R)|      FAST  |CLK_BUFGP         |   0.000|
BTN<1>      |    3.176(R)|      SLOW  |   -1.229(R)|      FAST  |CLK_BUFGP         |   0.000|
BTN<2>      |    2.605(R)|      SLOW  |   -1.673(R)|      FAST  |CLK_BUFGP         |   0.000|
BTN<3>      |    5.134(R)|      SLOW  |   -2.642(R)|      FAST  |CLK_BUFGP         |   0.000|
BTN<4>      |    3.463(R)|      SLOW  |   -1.416(R)|      FAST  |CLK_BUFGP         |   0.000|
SW<0>       |    1.394(R)|      SLOW  |   -0.407(R)|      SLOW  |CLK_BUFGP         |   0.000|
SW<1>       |    2.203(R)|      SLOW  |   -0.784(R)|      SLOW  |CLK_BUFGP         |   0.000|
SW<2>       |    2.164(R)|      SLOW  |   -0.716(R)|      SLOW  |CLK_BUFGP         |   0.000|
SW<3>       |    1.597(R)|      SLOW  |   -0.936(R)|      FAST  |CLK_BUFGP         |   0.000|
SW<4>       |    1.463(R)|      SLOW  |   -0.820(R)|      SLOW  |CLK_BUFGP         |   0.000|
SW<7>       |    4.302(R)|      SLOW  |   -1.993(R)|      FAST  |CLK_BUFGP         |   0.000|
------------+------------+------------+------------+------------+------------------+--------+

Clock CLK to Pad
------------+-----------------+------------+-----------------+------------+------------------+--------+
            |Max (slowest) clk|  Process   |Min (fastest) clk|  Process   |                  | Clock  |
Destination |  (edge) to PAD  |   Corner   |  (edge) to PAD  |   Corner   |Internal Clock(s) | Phase  |
------------+-----------------+------------+-----------------+------------+------------------+--------+
CLAW        |         7.364(R)|      SLOW  |         3.852(R)|      FAST  |CLK_BUFGP         |   0.000|
JOINTHIGH   |         7.407(R)|      SLOW  |         3.854(R)|      FAST  |CLK_BUFGP         |   0.000|
JOINTLOW    |         8.158(R)|      SLOW  |         4.318(R)|      FAST  |CLK_BUFGP         |   0.000|
LED<0>      |         8.476(R)|      SLOW  |         4.557(R)|      FAST  |CLK_BUFGP         |   0.000|
LED<1>      |         9.304(R)|      SLOW  |         5.065(R)|      FAST  |CLK_BUFGP         |   0.000|
LED<2>      |         9.543(R)|      SLOW  |         5.230(R)|      FAST  |CLK_BUFGP         |   0.000|
LED<3>      |        10.144(R)|      SLOW  |         5.592(R)|      FAST  |CLK_BUFGP         |   0.000|
PWM_MC1     |         7.735(R)|      SLOW  |         4.094(R)|      FAST  |CLK_BUFGP         |   0.000|
PWM_MC2     |         7.551(R)|      SLOW  |         3.953(R)|      FAST  |CLK_BUFGP         |   0.000|
SSEG_AN<0>  |         6.972(R)|      SLOW  |         3.555(R)|      FAST  |CLK_BUFGP         |   0.000|
SSEG_AN<1>  |         6.897(R)|      SLOW  |         3.513(R)|      FAST  |CLK_BUFGP         |   0.000|
SSEG_AN<2>  |         6.622(R)|      SLOW  |         3.345(R)|      FAST  |CLK_BUFGP         |   0.000|
SSEG_AN<3>  |         6.708(R)|      SLOW  |         3.400(R)|      FAST  |CLK_BUFGP         |   0.000|
SSEG_CA<0>  |         7.575(R)|      SLOW  |         3.973(R)|      FAST  |CLK_BUFGP         |   0.000|
SSEG_CA<1>  |         7.481(R)|      SLOW  |         3.938(R)|      FAST  |CLK_BUFGP         |   0.000|
SSEG_CA<2>  |         7.455(R)|      SLOW  |         3.892(R)|      FAST  |CLK_BUFGP         |   0.000|
SSEG_CA<3>  |         7.576(R)|      SLOW  |         3.947(R)|      FAST  |CLK_BUFGP         |   0.000|
SSEG_CA<4>  |         7.753(R)|      SLOW  |         4.063(R)|      FAST  |CLK_BUFGP         |   0.000|
SSEG_CA<5>  |         7.665(R)|      SLOW  |         3.995(R)|      FAST  |CLK_BUFGP         |   0.000|
SSEG_CA<6>  |         7.545(R)|      SLOW  |         3.937(R)|      FAST  |CLK_BUFGP         |   0.000|
------------+-----------------+------------+-----------------+------------+------------------+--------+

Clock to Setup on destination clock CLK
---------------+---------+---------+---------+---------+
               | Src:Rise| Src:Fall| Src:Rise| Src:Fall|
Source Clock   |Dest:Rise|Dest:Rise|Dest:Fall|Dest:Fall|
---------------+---------+---------+---------+---------+
CLK            |    3.780|         |         |         |
---------------+---------+---------+---------+---------+


Analysis completed Tue Feb 26 14:02:44 2013 
--------------------------------------------------------------------------------

Trace Settings:
-------------------------
Trace Settings 

Peak Memory Usage: 233 MB



