--------------------------------------------------------------------------------
Release 14.2 Trace  (nt64)
Copyright (c) 1995-2012 Xilinx, Inc.  All rights reserved.

C:\Xilinx\14.2\ISE_DS\ISE\bin\nt64\unwrapped\trce.exe
C:\fa12sp13_SourceCode\team2\branches\FPGA_Development\Navigation System\Version1.1-Working\smartxplorer_results\run7\Navigation.ncd
C:\fa12sp13_SourceCode\team2\branches\FPGA_Development\Navigation System\Version1.1-Working\smartxplorer_results\run7\Navigation.pcf
-xml
C:\fa12sp13_SourceCode\team2\branches\FPGA_Development\Navigation System\Version1.1-Working\smartxplorer_results\run7\Navigation.twx
-v 3 -s 3 -n 3 -fastpaths -ucf System_Connection.ucf -o
C:\fa12sp13_SourceCode\team2\branches\FPGA_Development\Navigation System\Version1.1-Working\smartxplorer_results\run7\Navigation.twr

Design file:              Navigation.ncd
Physical constraint file: Navigation.pcf
Device,package,speed:     xc6slx16,csg324,C,-3 (PRODUCTION 1.22 2012-07-09)
Report level:             verbose report

Environment Variable      Effect 
--------------------      ------ 
NONE                      No environment variables were set
--------------------------------------------------------------------------------

INFO:Timing:2698 - No timing constraints found, doing default enumeration.
INFO:Timing:3412 - To improve timing, see the Timing Closure User Guide (UG612).
INFO:Timing:2752 - To get complete path coverage, use the unconstrained paths 
   option. All paths that are not constrained will be reported in the 
   unconstrained paths section(s) of the report.
INFO:Timing:3339 - The clock-to-out numbers in this timing report are based on 
   a 50 Ohm transmission line loading model.  For the details of this model, 
   and for more information on accounting for different loading conditions, 
   please see the device datasheet.



Data Sheet report:
-----------------
All values displayed in nanoseconds (ns)

Setup/Hold to clock CLK
------------+------------+------------+------------+------------+------------------+--------+
            |Max Setup to|  Process   |Max Hold to |  Process   |                  | Clock  |
Source      | clk (edge) |   Corner   | clk (edge) |   Corner   |Internal Clock(s) | Phase  |
------------+------------+------------+------------+------------+------------------+--------+
BTN<0>      |    2.157(R)|      SLOW  |   -1.198(R)|      FAST  |CLK_BUFGP         |   0.000|
BTN<1>      |    1.585(R)|      SLOW  |   -0.956(R)|      FAST  |CLK_BUFGP         |   0.000|
BTN<2>      |    1.784(R)|      SLOW  |   -0.895(R)|      FAST  |CLK_BUFGP         |   0.000|
BTN<3>      |    2.113(R)|      SLOW  |   -1.243(R)|      FAST  |CLK_BUFGP         |   0.000|
BTN<4>      |    1.634(R)|      SLOW  |   -0.806(R)|      SLOW  |CLK_BUFGP         |   0.000|
SW<0>       |    1.360(R)|      SLOW  |   -0.854(R)|      SLOW  |CLK_BUFGP         |   0.000|
SW<1>       |    1.387(R)|      SLOW  |   -0.838(R)|      FAST  |CLK_BUFGP         |   0.000|
SW<2>       |    1.227(R)|      SLOW  |   -0.714(R)|      SLOW  |CLK_BUFGP         |   0.000|
SW<5>       |    2.481(R)|      SLOW  |   -1.528(R)|      FAST  |CLK_BUFGP         |   0.000|
SW<6>       |    2.265(R)|      SLOW  |   -1.393(R)|      FAST  |CLK_BUFGP         |   0.000|
SW<7>       |    1.667(R)|      SLOW  |   -1.019(R)|      FAST  |CLK_BUFGP         |   0.000|
------------+------------+------------+------------+------------+------------------+--------+

Clock CLK to Pad
------------+-----------------+------------+-----------------+------------+------------------+--------+
            |Max (slowest) clk|  Process   |Min (fastest) clk|  Process   |                  | Clock  |
Destination |  (edge) to PAD  |   Corner   |  (edge) to PAD  |   Corner   |Internal Clock(s) | Phase  |
------------+-----------------+------------+-----------------+------------+------------------+--------+
PWM         |         9.643(R)|      SLOW  |         5.330(R)|      FAST  |CLK_BUFGP         |   0.000|
SSEG_AN<0>  |         6.971(R)|      SLOW  |         3.554(R)|      FAST  |CLK_BUFGP         |   0.000|
SSEG_AN<1>  |         6.896(R)|      SLOW  |         3.512(R)|      FAST  |CLK_BUFGP         |   0.000|
SSEG_AN<2>  |         6.621(R)|      SLOW  |         3.344(R)|      FAST  |CLK_BUFGP         |   0.000|
SSEG_AN<3>  |         6.707(R)|      SLOW  |         3.399(R)|      FAST  |CLK_BUFGP         |   0.000|
SSEG_CA<0>  |         7.484(R)|      SLOW  |         3.919(R)|      FAST  |CLK_BUFGP         |   0.000|
SSEG_CA<1>  |         7.560(R)|      SLOW  |         3.970(R)|      FAST  |CLK_BUFGP         |   0.000|
SSEG_CA<2>  |         7.540(R)|      SLOW  |         3.952(R)|      FAST  |CLK_BUFGP         |   0.000|
SSEG_CA<3>  |         7.793(R)|      SLOW  |         4.082(R)|      FAST  |CLK_BUFGP         |   0.000|
SSEG_CA<4>  |         7.991(R)|      SLOW  |         4.209(R)|      FAST  |CLK_BUFGP         |   0.000|
SSEG_CA<5>  |         7.700(R)|      SLOW  |         4.061(R)|      FAST  |CLK_BUFGP         |   0.000|
SSEG_CA<6>  |         7.550(R)|      SLOW  |         3.944(R)|      FAST  |CLK_BUFGP         |   0.000|
------------+-----------------+------------+-----------------+------------+------------------+--------+

Clock to Setup on destination clock CLK
---------------+---------+---------+---------+---------+
               | Src:Rise| Src:Fall| Src:Rise| Src:Fall|
Source Clock   |Dest:Rise|Dest:Rise|Dest:Fall|Dest:Fall|
---------------+---------+---------+---------+---------+
CLK            |    5.792|         |         |         |
---------------+---------+---------+---------+---------+


Analysis completed Sun Nov 25 14:13:38 2012 
--------------------------------------------------------------------------------

Trace Settings:
-------------------------
Trace Settings 

Peak Memory Usage: 220 MB



