Command line:
   US_Sensor_isim_beh.exe
     -simmode  gui
     -simrunnum  0
     -socket  58967

Thu Nov 01 15:51:24 2012


 Elaboration Time: 0.0312 sec

 Current Memory Usage: 820.863 Meg

 Total Signals          : 16
 Total Nets             : 29
 Total Signal Drivers   : 8
 Total Blocks           : 2
 Total Primitive Blocks : 2
 Total Processes        : 11
 Total Traceable Variables  : 31
 Total Scalar Nets and Variables : 392
Total Line Count : 45
Total Line Count : 45

 Total Simulation Time: 122.664 sec

 Current Memory Usage: 820.863 Meg

Thu Nov 01 15:53:46 2012

